<?xml version="1.0" encoding="UTF-8" ?>
<testsuite errors="0" failures="0" hostname="DESKTOP-20MGK2D" name="apache_commons_codec.commons_codecTest" skipped="0" tests="4" time="0.151" timestamp="2019-10-29T02:40:06">
  <properties>
[...]
</properties>
  <testcase classname="apache_commons_codec.commons_codecTest" name="test_md5" time="0.005" />
  <testcase classname="apache_commons_codec.commons_codecTest" name="test_base64" time="0.002" />
  <testcase classname="apache_commons_codec.commons_codecTest" name="test_judge_2" time="0.0" />
  <testcase classname="apache_commons_codec.commons_codecTest" name="test_urlcodec" time="0.001" />
  <system-out><![CDATA[]]></system-out>
  <system-err><![CDATA[]]></system-err>
</testsuite>
